mode: atomic
github.com/posener/gitfs/fsutil/fs.go:16.56,18.2 1 5
github.com/posener/gitfs/fsutil/fs.go:27.69,29.16 2 12
github.com/posener/gitfs/fsutil/fs.go:32.2,32.22 1 12
github.com/posener/gitfs/fsutil/fs.go:29.16,31.3 1 0
github.com/posener/gitfs/fsutil/fs.go:35.62,37.16 2 5
github.com/posener/gitfs/fsutil/fs.go:40.2,40.17 1 5
github.com/posener/gitfs/fsutil/fs.go:37.16,39.3 1 0
github.com/posener/gitfs/fsutil/fs.go:43.47,45.2 1 34
github.com/posener/gitfs/fsutil/tmpl.go:18.104,22.2 3 4
github.com/posener/gitfs/fsutil/tmpl.go:27.107,31.2 3 2
github.com/posener/gitfs/fsutil/tmpl.go:37.110,41.2 3 4
github.com/posener/gitfs/fsutil/tmpl.go:46.113,50.2 3 2
github.com/posener/gitfs/fsutil/tmpl.go:56.56,58.23 2 6
github.com/posener/gitfs/fsutil/tmpl.go:63.2,64.12 2 6
github.com/posener/gitfs/fsutil/tmpl.go:58.23,60.3 1 4
github.com/posener/gitfs/fsutil/tmpl.go:60.8,62.3 1 2
github.com/posener/gitfs/fsutil/tmpl.go:71.60,73.23 2 6
github.com/posener/gitfs/fsutil/tmpl.go:78.2,79.12 2 6
github.com/posener/gitfs/fsutil/tmpl.go:73.23,75.3 1 4
github.com/posener/gitfs/fsutil/tmpl.go:75.8,77.3 1 2
github.com/posener/gitfs/fsutil/tmpl.go:82.107,83.21 1 8
github.com/posener/gitfs/fsutil/tmpl.go:86.2,87.29 2 6
github.com/posener/gitfs/fsutil/tmpl.go:100.2,100.12 1 2
github.com/posener/gitfs/fsutil/tmpl.go:83.21,85.3 1 2
github.com/posener/gitfs/fsutil/tmpl.go:87.29,89.17 2 10
github.com/posener/gitfs/fsutil/tmpl.go:92.3,96.17 5 6
github.com/posener/gitfs/fsutil/tmpl.go:89.17,91.4 1 4
github.com/posener/gitfs/fsutil/tmpl.go:96.17,98.4 1 0
github.com/posener/gitfs/fsutil/tmpl.go:103.105,106.20 3 4
github.com/posener/gitfs/fsutil/tmpl.go:127.2,127.37 1 4
github.com/posener/gitfs/fsutil/tmpl.go:130.2,130.12 1 4
github.com/posener/gitfs/fsutil/tmpl.go:106.20,108.17 2 32
github.com/posener/gitfs/fsutil/tmpl.go:111.3,111.15 1 32
github.com/posener/gitfs/fsutil/tmpl.go:115.3,116.17 2 6
github.com/posener/gitfs/fsutil/tmpl.go:120.3,123.17 4 6
github.com/posener/gitfs/fsutil/tmpl.go:108.17,110.4 1 0
github.com/posener/gitfs/fsutil/tmpl.go:111.15,112.12 1 26
github.com/posener/gitfs/fsutil/tmpl.go:116.17,118.4 1 0
github.com/posener/gitfs/fsutil/tmpl.go:123.17,125.4 1 0
github.com/posener/gitfs/fsutil/tmpl.go:127.37,129.3 1 0
github.com/posener/gitfs/internal/localfs/localfs.go:19.73,21.16 2 3
github.com/posener/gitfs/internal/localfs/localfs.go:24.2,25.16 2 3
github.com/posener/gitfs/internal/localfs/localfs.go:28.2,28.54 1 2
github.com/posener/gitfs/internal/localfs/localfs.go:21.16,23.3 1 0
github.com/posener/gitfs/internal/localfs/localfs.go:25.16,27.3 1 1
github.com/posener/gitfs/internal/localfs/localfs.go:33.65,36.16 3 10
github.com/posener/gitfs/internal/localfs/localfs.go:39.2,40.16 2 9
github.com/posener/gitfs/internal/localfs/localfs.go:43.2,43.33 1 9
github.com/posener/gitfs/internal/localfs/localfs.go:54.2,54.53 1 3
github.com/posener/gitfs/internal/localfs/localfs.go:36.16,38.3 1 1
github.com/posener/gitfs/internal/localfs/localfs.go:40.16,42.3 1 0
github.com/posener/gitfs/internal/localfs/localfs.go:43.33,44.44 1 9
github.com/posener/gitfs/internal/localfs/localfs.go:44.44,46.30 2 9
github.com/posener/gitfs/internal/localfs/localfs.go:49.4,49.51 1 6
github.com/posener/gitfs/internal/localfs/localfs.go:46.30,48.5 1 3
github.com/posener/gitfs/internal/localfs/localfs.go:49.51,51.5 1 3
github.com/posener/gitfs/internal/localfs/localfs.go:57.47,59.11 2 13
github.com/posener/gitfs/internal/localfs/localfs.go:62.2,62.24 1 4
github.com/posener/gitfs/internal/localfs/localfs.go:59.11,61.3 1 9
github.com/posener/gitfs/internal/localfs/localfs.go:65.52,68.51 2 10
github.com/posener/gitfs/internal/localfs/localfs.go:75.2,76.24 2 10
github.com/posener/gitfs/internal/localfs/localfs.go:68.51,70.17 2 9
github.com/posener/gitfs/internal/localfs/localfs.go:70.17,72.4 1 0
github.com/posener/gitfs/internal/localfs/localfs.go:79.49,81.16 2 8
github.com/posener/gitfs/internal/localfs/localfs.go:84.2,84.17 1 8
github.com/posener/gitfs/internal/localfs/localfs.go:93.2,93.45 1 1
github.com/posener/gitfs/internal/localfs/localfs.go:81.16,83.3 1 0
github.com/posener/gitfs/internal/localfs/localfs.go:84.17,85.73 1 14
github.com/posener/gitfs/internal/localfs/localfs.go:88.3,89.63 2 7
github.com/posener/gitfs/internal/localfs/localfs.go:85.73,87.4 1 7
github.com/posener/gitfs/internal/localfs/localfs.go:89.63,91.4 1 7
github.com/posener/gitfs/internal/localfs/localfs.go:96.43,98.16 2 9
github.com/posener/gitfs/internal/localfs/localfs.go:101.2,102.28 2 9
github.com/posener/gitfs/internal/localfs/localfs.go:98.16,99.55 1 0
github.com/posener/gitfs/internal/tree/dir.go:9.31,11.2 1 15
github.com/posener/gitfs/internal/tree/dir.go:19.32,21.2 1 0
github.com/posener/gitfs/internal/tree/dir.go:23.34,25.2 1 19
github.com/posener/gitfs/internal/tree/dir.go:27.29,29.2 1 0
github.com/posener/gitfs/internal/tree/dir.go:30.41,32.2 1 0
github.com/posener/gitfs/internal/tree/dir.go:33.47,35.2 1 0
github.com/posener/gitfs/internal/tree/dir.go:37.53,38.33 1 14
github.com/posener/gitfs/internal/tree/dir.go:41.2,41.25 1 2
github.com/posener/gitfs/internal/tree/dir.go:38.33,40.3 1 12
github.com/posener/gitfs/internal/tree/dir.go:44.43,46.2 1 19
github.com/posener/gitfs/internal/tree/dir.go:48.29,50.2 1 10
github.com/posener/gitfs/internal/tree/dir.go:51.28,53.2 1 0
github.com/posener/gitfs/internal/tree/dir.go:54.34,56.2 1 0
github.com/posener/gitfs/internal/tree/dir.go:57.35,59.2 1 0
github.com/posener/gitfs/internal/tree/dir.go:61.28,63.2 1 10
github.com/posener/gitfs/internal/tree/dir.go:65.33,67.2 1 0
github.com/posener/gitfs/internal/tree/file.go:14.58,16.2 1 10
github.com/posener/gitfs/internal/tree/file.go:28.33,30.2 1 4
github.com/posener/gitfs/internal/tree/file.go:32.44,34.2 1 3
github.com/posener/gitfs/internal/tree/file.go:36.30,38.2 1 2
github.com/posener/gitfs/internal/tree/file.go:40.29,42.2 1 2
github.com/posener/gitfs/internal/tree/file.go:44.33,46.2 1 0
github.com/posener/gitfs/internal/tree/file.go:48.34,50.2 1 0
github.com/posener/gitfs/internal/tree/file.go:52.27,54.2 1 3
github.com/posener/gitfs/internal/tree/file.go:56.32,58.2 1 0
github.com/posener/gitfs/internal/tree/file.go:60.56,62.2 1 0
github.com/posener/gitfs/internal/tree/file.go:64.55,67.22 3 7
github.com/posener/gitfs/internal/tree/file.go:70.2,72.16 3 3
github.com/posener/gitfs/internal/tree/file.go:75.2,77.12 3 2
github.com/posener/gitfs/internal/tree/file.go:67.22,69.3 1 4
github.com/posener/gitfs/internal/tree/file.go:72.16,74.3 1 1
github.com/posener/gitfs/internal/tree/file.go:89.35,90.45 1 7
github.com/posener/gitfs/internal/tree/file.go:93.2,95.21 3 6
github.com/posener/gitfs/internal/tree/file.go:98.2,98.12 1 6
github.com/posener/gitfs/internal/tree/file.go:90.45,92.3 1 1
github.com/posener/gitfs/internal/tree/file.go:95.21,97.3 1 3
github.com/posener/gitfs/internal/tree/file.go:101.65,103.2 1 0
github.com/posener/gitfs/internal/tree/file.go:105.66,108.2 2 0
github.com/posener/gitfs/internal/tree/file.go:110.36,116.2 5 0
github.com/posener/gitfs/internal/tree/file.go:118.50,119.33 1 7
github.com/posener/gitfs/internal/tree/file.go:122.2,122.36 1 6
github.com/posener/gitfs/internal/tree/file.go:125.2,125.25 1 6
github.com/posener/gitfs/internal/tree/file.go:119.33,121.3 1 1
github.com/posener/gitfs/internal/tree/file.go:122.36,124.3 1 0
github.com/posener/gitfs/internal/tree/file.go:128.68,129.33 1 0
github.com/posener/gitfs/internal/tree/file.go:132.2,132.38 1 0
github.com/posener/gitfs/internal/tree/file.go:129.33,131.3 1 0
github.com/posener/gitfs/internal/tree/tree.go:34.52,38.19 3 4
github.com/posener/gitfs/internal/tree/tree.go:42.2,42.31 1 3
github.com/posener/gitfs/internal/tree/tree.go:48.2,48.27 1 2
github.com/posener/gitfs/internal/tree/tree.go:38.19,41.3 2 1
github.com/posener/gitfs/internal/tree/tree.go:42.31,46.3 2 1
github.com/posener/gitfs/internal/tree/tree.go:53.41,55.20 2 25
github.com/posener/gitfs/internal/tree/tree.go:61.2,67.16 5 15
github.com/posener/gitfs/internal/tree/tree.go:72.2,73.16 2 9
github.com/posener/gitfs/internal/tree/tree.go:76.2,78.9 3 9
github.com/posener/gitfs/internal/tree/tree.go:81.2,82.12 2 9
github.com/posener/gitfs/internal/tree/tree.go:55.20,56.35 1 10
github.com/posener/gitfs/internal/tree/tree.go:59.3,59.13 1 9
github.com/posener/gitfs/internal/tree/tree.go:56.35,58.4 1 1
github.com/posener/gitfs/internal/tree/tree.go:67.16,69.3 1 6
github.com/posener/gitfs/internal/tree/tree.go:73.16,75.3 1 0
github.com/posener/gitfs/internal/tree/tree.go:78.9,79.76 1 0
github.com/posener/gitfs/internal/tree/tree.go:87.65,89.20 2 11
github.com/posener/gitfs/internal/tree/tree.go:95.2,102.16 6 10
github.com/posener/gitfs/internal/tree/tree.go:105.2,106.9 2 10
github.com/posener/gitfs/internal/tree/tree.go:109.2,110.12 2 10
github.com/posener/gitfs/internal/tree/tree.go:89.20,90.36 1 1
github.com/posener/gitfs/internal/tree/tree.go:93.3,93.13 1 0
github.com/posener/gitfs/internal/tree/tree.go:90.36,92.4 1 1
github.com/posener/gitfs/internal/tree/tree.go:102.16,104.3 1 0
github.com/posener/gitfs/internal/tree/tree.go:106.9,107.76 1 0
github.com/posener/gitfs/internal/tree/tree.go:113.64,115.18 2 3
github.com/posener/gitfs/internal/tree/tree.go:120.2,120.13 1 2
github.com/posener/gitfs/internal/tree/tree.go:115.18,116.55 1 1
github.com/posener/gitfs/internal/tree/tree.go:116.55,118.4 1 1
github.com/posener/gitfs/internal/tree/tree.go:123.36,125.2 1 61
github.com/posener/gitfs/gitfs.go:80.51,81.25 1 0
github.com/posener/gitfs/gitfs.go:81.25,83.3 1 0
github.com/posener/gitfs/gitfs.go:89.42,90.25 1 1
github.com/posener/gitfs/gitfs.go:90.25,92.3 1 1
github.com/posener/gitfs/gitfs.go:105.88,107.27 2 5
github.com/posener/gitfs/gitfs.go:111.2,111.9 1 5
github.com/posener/gitfs/gitfs.go:107.27,109.3 1 1
github.com/posener/gitfs/gitfs.go:112.25,113.43 1 1
github.com/posener/gitfs/gitfs.go:114.31,115.46 1 3
github.com/posener/gitfs/gitfs.go:116.10,117.55 1 1
github.com/posener/gitfs/gitfs.go:130.62,132.9 2 1
github.com/posener/gitfs/gitfs.go:135.2,135.30 1 1
github.com/posener/gitfs/gitfs.go:132.9,134.3 1 0
github.com/posener/gitfs/gitfs.go:140.35,142.2 1 0
github.com/posener/gitfs/internal/githubfs/githubtree.go:32.37,34.2 1 0
github.com/posener/gitfs/internal/githubfs/githubtree.go:37.91,39.16 2 4
github.com/posener/gitfs/internal/githubfs/githubtree.go:42.2,44.16 3 3
github.com/posener/gitfs/internal/githubfs/githubtree.go:47.2,48.15 2 3
github.com/posener/gitfs/internal/githubfs/githubtree.go:39.16,41.3 1 1
github.com/posener/gitfs/internal/githubfs/githubtree.go:44.16,46.3 1 0
github.com/posener/gitfs/internal/githubfs/githubtree.go:51.103,52.19 1 5
github.com/posener/gitfs/internal/githubfs/githubtree.go:55.2,59.16 4 5
github.com/posener/gitfs/internal/githubfs/githubtree.go:63.2,63.17 1 4
github.com/posener/gitfs/internal/githubfs/githubtree.go:70.2,70.15 1 4
github.com/posener/gitfs/internal/githubfs/githubtree.go:52.19,54.3 1 0
github.com/posener/gitfs/internal/githubfs/githubtree.go:59.16,61.3 1 1
github.com/posener/gitfs/internal/githubfs/githubtree.go:63.17,65.17 2 4
github.com/posener/gitfs/internal/githubfs/githubtree.go:68.3,68.45 1 4
github.com/posener/gitfs/internal/githubfs/githubtree.go:65.17,67.4 1 0
github.com/posener/gitfs/internal/githubfs/githubtree.go:73.93,75.22 2 25
github.com/posener/gitfs/internal/githubfs/githubtree.go:79.2,85.47 5 20
github.com/posener/gitfs/internal/githubfs/githubtree.go:90.2,90.31 1 20
github.com/posener/gitfs/internal/githubfs/githubtree.go:94.2,95.8 2 20
github.com/posener/gitfs/internal/githubfs/githubtree.go:75.22,78.3 2 5
github.com/posener/gitfs/internal/githubfs/githubtree.go:85.47,87.3 1 3
github.com/posener/gitfs/internal/githubfs/githubtree.go:90.31,92.3 1 7
github.com/posener/gitfs/internal/githubfs/githubtree.go:98.67,100.16 2 3
github.com/posener/gitfs/internal/githubfs/githubtree.go:103.2,104.40 2 3
github.com/posener/gitfs/internal/githubfs/githubtree.go:124.2,124.15 1 3
github.com/posener/gitfs/internal/githubfs/githubtree.go:100.16,102.3 1 0
github.com/posener/gitfs/internal/githubfs/githubtree.go:104.40,106.19 2 135
github.com/posener/gitfs/internal/githubfs/githubtree.go:113.3,114.26 2 110
github.com/posener/gitfs/internal/githubfs/githubtree.go:120.3,120.17 1 110
github.com/posener/gitfs/internal/githubfs/githubtree.go:106.19,107.40 1 45
github.com/posener/gitfs/internal/githubfs/githubtree.go:110.4,110.43 1 20
github.com/posener/gitfs/internal/githubfs/githubtree.go:107.40,108.13 1 25
github.com/posener/gitfs/internal/githubfs/githubtree.go:115.15,116.24 1 38
github.com/posener/gitfs/internal/githubfs/githubtree.go:117.15,118.75 1 72
github.com/posener/gitfs/internal/githubfs/githubtree.go:120.17,122.4 1 0
github.com/posener/gitfs/internal/githubfs/githubtree.go:128.83,129.51 1 72
github.com/posener/gitfs/internal/githubfs/githubtree.go:129.51,131.17 2 7
github.com/posener/gitfs/internal/githubfs/githubtree.go:134.3,134.51 1 6
github.com/posener/gitfs/internal/githubfs/githubtree.go:131.17,133.4 1 1
github.com/posener/gitfs/internal/githubfs/githubtree.go:135.17,136.61 1 6
github.com/posener/gitfs/internal/githubfs/githubtree.go:137.11,138.66 1 0
github.com/posener/gitfs/internal/githubfs/githubtree.go:143.34,144.88 1 20
github.com/posener/gitfs/internal/githubfs/githubtree.go:147.2,147.12 1 15
github.com/posener/gitfs/internal/githubfs/githubtree.go:144.88,146.3 1 5
